{"Device Fingerprint": {"Manufacturer": "HP", "Model": "HP EliteBook 840 G7 Notebook PC", "MAC Address": "94:E2:3C:1D:CD:2F", "IP Address": "169.254.51.129", "OS": "Windows 10 10.0.26200", "username": "Abcom", "Agent-Name": "DeepCytes-SOC-Agent-v2"}, "Timestamp": "2026-06-27T07:59:16.583515+00:00", "Event ID": "FIM0029", "Event Type": "FIM_ALERT", "Severity / Criticality": "MEDIUM", "Payload / Message": {"event_id": "98d2d74c-d26e-4e23-9303-2c31964ccff6", "timestamp": "2026-06-27T07:59:16.583515+00:00", "ingestion_timestamp": "2026-06-27T07:59:16.583515+00:00", "agent_id": "deepcytes-soc-001", "agent_version": "1.0.0", "module_version": "1.0.0", "host_uuid": "76038db3-a0d1-532d-8bfb-a6a001d4aeb1", "source_module": "file_integrity", "event_type": "FIM_ALERT", "event_category": "alert", "severity": "MEDIUM", "risk_score": 50, "risk_factors": ["FILE_INTEGRITY_DRIFT"], "confidence_score": 1.0, "kill_chain_stage": "unknown", "mitre_attack": {}, "collector_latency_ms": 0.0, "device_fingerprint": {"hostname": "SOC-ANALYST-W11", "os_version": "10.0.22631 Build 22631", "service_name": "deepcytes_soc_agent", "host_uuid": "76038db3-a0d1-532d-8bfb-a6a001d4aeb1", "criticality": "HIGH", "business_unit": "Security Operations", "department": "Cyber Defense Center", "operating_system": "Windows 11 Enterprise", "device_type": "Workstation"}, "user_context": {"username": "rishik_admin", "role": "SOC Analyst", "privilege": "Administrator"}, "process_context": {}, "payload": {"file_path": "C:\\Program Files\\MongoDB\\Server\\8.2\\data\\diagnostic.data\\metrics.interim.temp", "before_hash": null, "after_hash": null}, "raw_log_backup": "{\"file_path\": \"C:\\\\Program Files\\\\MongoDB\\\\Server\\\\8.2\\\\data\\\\diagnostic.data\\\\metrics.interim.temp\", \"before_hash\": null, \"after_hash\": null}", "alerts": ["FIM_ALERT"], "correlations": [], "enrichments": {}, "ancestor_hierarchy": null}}
{"Device Fingerprint": {"Manufacturer": "HP", "Model": "HP EliteBook 840 G7 Notebook PC", "MAC Address": "94:E2:3C:1D:CD:2F", "IP Address": "169.254.51.129", "OS": "Windows 10 10.0.26200", "username": "Abcom", "Agent-Name": "DeepCytes-SOC-Agent-v2"}, "Timestamp": "2026-06-27T07:59:16.584517+00:00", "Event ID": "FIM0030", "Event Type": "FIM_ALERT", "Severity / Criticality": "MEDIUM", "Payload / Message": {"event_id": "4c9f7646-2af1-4adb-8179-300ca290f6c5", "timestamp": "2026-06-27T07:59:16.584517+00:00", "ingestion_timestamp": "2026-06-27T07:59:16.584517+00:00", "agent_id": "deepcytes-soc-001", "agent_version": "1.0.0", "module_version": "1.0.0", "host_uuid": "76038db3-a0d1-532d-8bfb-a6a001d4aeb1", "source_module": "file_integrity", "event_type": "FIM_ALERT", "event_category": "alert", "severity": "MEDIUM", "risk_score": 50, "risk_factors": ["FILE_INTEGRITY_DRIFT"], "confidence_score": 1.0, "kill_chain_stage": "unknown", "mitre_attack": {}, "collector_latency_ms": 0.0, "device_fingerprint": {"hostname": "SOC-ANALYST-W11", "os_version": "10.0.22631 Build 22631", "service_name": "deepcytes_soc_agent", "host_uuid": "76038db3-a0d1-532d-8bfb-a6a001d4aeb1", "criticality": "HIGH", "business_unit": "Security Operations", "department": "Cyber Defense Center", "operating_system": "Windows 11 Enterprise", "device_type": "Workstation"}, "user_context": {"username": "rishik_admin", "role": "SOC Analyst", "privilege": "Administrator"}, "process_context": {}, "payload": {"file_path": "C:\\Program Files\\MongoDB\\Server\\8.2\\data\\diagnostic.data\\metrics.interim.temp", "before_hash": null, "after_hash": null}, "raw_log_backup": "{\"file_path\": \"C:\\\\Program Files\\\\MongoDB\\\\Server\\\\8.2\\\\data\\\\diagnostic.data\\\\metrics.interim.temp\", \"before_hash\": null, \"after_hash\": null}", "alerts": ["FIM_ALERT"], "correlations": [], "enrichments": {}, "ancestor_hierarchy": null}}
{"Device Fingerprint": {"Manufacturer": "HP", "Model": "HP EliteBook 840 G7 Notebook PC", "MAC Address": "94:E2:3C:1D:CD:2F", "IP Address": "169.254.51.129", "OS": "Windows 10 10.0.26200", "username": "Abcom", "Agent-Name": "DeepCytes-SOC-Agent-v2"}, "Timestamp": "2026-06-27T07:59:16.584517+00:00", "Event ID": "FIM0031", "Event Type": "FIM_ALERT", "Severity / Criticality": "MEDIUM", "Payload / Message": {"event_id": "da93e487-eb47-42e3-8d79-5e9db01597ad", "timestamp": "2026-06-27T07:59:16.584517+00:00", "ingestion_timestamp": "2026-06-27T07:59:16.584517+00:00", "agent_id": "deepcytes-soc-001", "agent_version": "1.0.0", "module_version": "1.0.0", "host_uuid": "76038db3-a0d1-532d-8bfb-a6a001d4aeb1", "source_module": "file_integrity", "event_type": "FIM_ALERT", "event_category": "alert", "severity": "MEDIUM", "risk_score": 50, "risk_factors": ["FILE_INTEGRITY_DRIFT"], "confidence_score": 1.0, "kill_chain_stage": "unknown", "mitre_attack": {}, "collector_latency_ms": 0.0, "device_fingerprint": {"hostname": "SOC-ANALYST-W11", "os_version": "10.0.22631 Build 22631", "service_name": "deepcytes_soc_agent", "host_uuid": "76038db3-a0d1-532d-8bfb-a6a001d4aeb1", "criticality": "HIGH", "business_unit": "Security Operations", "department": "Cyber Defense Center", "operating_system": "Windows 11 Enterprise", "device_type": "Workstation"}, "user_context": {"username": "rishik_admin", "role": "SOC Analyst", "privilege": "Administrator"}, "process_context": {}, "payload": {"file_path": "C:\\Program Files\\MongoDB\\Server\\8.2\\data\\diagnostic.data\\metrics.interim", "before_hash": "9faa3a62d11c921ad06436d873dfb448fc8ea51ed70aebc69f15fc158a559b74", "after_hash": null}, "raw_log_backup": "{\"file_path\": \"C:\\\\Program Files\\\\MongoDB\\\\Server\\\\8.2\\\\data\\\\diagnostic.data\\\\metrics.interim\", \"before_hash\": \"9faa3a62d11c921ad06436d873dfb448fc8ea51ed70aebc69f15fc158a559b74\", \"after_hash\": null}", "alerts": ["FIM_ALERT"], "correlations": [], "enrichments": {}, "ancestor_hierarchy": null}}
{"Device Fingerprint": {"Manufacturer": "HP", "Model": "HP EliteBook 840 G7 Notebook PC", "MAC Address": "94:E2:3C:1D:CD:2F", "IP Address": "169.254.51.129", "OS": "Windows 10 10.0.26200", "username": "Abcom", "Agent-Name": "DeepCytes-SOC-Agent-v2"}, "Timestamp": "2026-06-27T07:59:16.584517+00:00", "Event ID": "FIM0032", "Event Type": "FIM_ALERT", "Severity / Criticality": "MEDIUM", "Payload / Message": {"event_id": "92b128a8-a55a-4a04-a0aa-39f5d27be183", "timestamp": "2026-06-27T07:59:16.584517+00:00", "ingestion_timestamp": "2026-06-27T07:59:16.584517+00:00", "agent_id": "deepcytes-soc-001", "agent_version": "1.0.0", "module_version": "1.0.0", "host_uuid": "76038db3-a0d1-532d-8bfb-a6a001d4aeb1", "source_module": "file_integrity", "event_type": "FIM_ALERT", "event_category": "alert", "severity": "MEDIUM", "risk_score": 50, "risk_factors": ["FILE_INTEGRITY_DRIFT"], "confidence_score": 1.0, "kill_chain_stage": "unknown", "mitre_attack": {}, "collector_latency_ms": 0.0, "device_fingerprint": {"hostname": "SOC-ANALYST-W11", "os_version": "10.0.22631 Build 22631", "service_name": "deepcytes_soc_agent", "host_uuid": "76038db3-a0d1-532d-8bfb-a6a001d4aeb1", "criticality": "HIGH", "business_unit": "Security Operations", "department": "Cyber Defense Center", "operating_system": "Windows 11 Enterprise", "device_type": "Workstation"}, "user_context": {"username": "rishik_admin", "role": "SOC Analyst", "privilege": "Administrator"}, "process_context": {}, "payload": {"file_path": "C:\\Program Files\\MongoDB\\Server\\8.2\\data\\diagnostic.data\\metrics.interim.temp", "before_hash": null, "after_hash": null}, "raw_log_backup": "{\"file_path\": \"C:\\\\Program Files\\\\MongoDB\\\\Server\\\\8.2\\\\data\\\\diagnostic.data\\\\metrics.interim.temp\", \"before_hash\": null, \"after_hash\": null}", "alerts": ["FIM_ALERT"], "correlations": [], "enrichments": {}, "ancestor_hierarchy": null}}
{"Device Fingerprint": {"Manufacturer": "HP", "Model": "HP EliteBook 840 G7 Notebook PC", "MAC Address": "94:E2:3C:1D:CD:2F", "IP Address": "169.254.51.129", "OS": "Windows 10 10.0.26200", "username": "Abcom", "Agent-Name": "DeepCytes-SOC-Agent-v2"}, "Timestamp": "2026-06-27T07:59:16.651209+00:00", "Event ID": "FIM0033", "Event Type": "FIM_ALERT", "Severity / Criticality": "MEDIUM", "Payload / Message": {"event_id": "1b5627d5-a977-4637-ae91-1ba87292da22", "timestamp": "2026-06-27T07:59:16.651209+00:00", "ingestion_timestamp": "2026-06-27T07:59:16.651209+00:00", "agent_id": "deepcytes-soc-001", "agent_version": "1.0.0", "module_version": "1.0.0", "host_uuid": "76038db3-a0d1-532d-8bfb-a6a001d4aeb1", "source_module": "file_integrity", "event_type": "FIM_ALERT", "event_category": "alert", "severity": "MEDIUM", "risk_score": 50, "risk_factors": ["FILE_INTEGRITY_DRIFT"], "confidence_score": 1.0, "kill_chain_stage": "unknown", "mitre_attack": {}, "collector_latency_ms": 0.0, "device_fingerprint": {"hostname": "SOC-ANALYST-W11", "os_version": "10.0.22631 Build 22631", "service_name": "deepcytes_soc_agent", "host_uuid": "76038db3-a0d1-532d-8bfb-a6a001d4aeb1", "criticality": "HIGH", "business_unit": "Security Operations", "department": "Cyber Defense Center", "operating_system": "Windows 11 Enterprise", "device_type": "Workstation"}, "user_context": {"username": "rishik_admin", "role": "SOC Analyst", "privilege": "Administrator"}, "process_context": {}, "payload": {"file_path": "C:\\Program Files\\MongoDB\\Server\\8.2\\data\\diagnostic.data\\metrics.interim", "before_hash": null, "after_hash": "b747dc3ad59fed96ebe95f21ff45772e0205399eeacb6d3402600cce5780d49b"}, "raw_log_backup": "{\"file_path\": \"C:\\\\Program Files\\\\MongoDB\\\\Server\\\\8.2\\\\data\\\\diagnostic.data\\\\metrics.interim\", \"before_hash\": null, \"after_hash\": \"b747dc3ad59fed96ebe95f21ff45772e0205399eeacb6d3402600cce5780d49b\"}", "alerts": ["FIM_ALERT"], "correlations": [], "enrichments": {}, "ancestor_hierarchy": null}}
{"Device Fingerprint": {"Manufacturer": "HP", "Model": "HP EliteBook 840 G7 Notebook PC", "MAC Address": "94:E2:3C:1D:CD:2F", "IP Address": "169.254.51.129", "OS": "Windows 10 10.0.26200", "username": "Abcom", "Agent-Name": "DeepCytes-SOC-Agent-v2"}, "Timestamp": "2026-06-27T07:59:17.358954+00:00", "Event ID": "FIM0034", "Event Type": "FIM_ALERT", "Severity / Criticality": "HIGH", "Payload / Message": {"event_id": "7e21e811-9ce3-4487-9709-137acece1d32", "timestamp": "2026-06-27T07:59:17.358954+00:00", "ingestion_timestamp": "2026-06-27T07:59:17.358954+00:00", "agent_id": "deepcytes-soc-001", "agent_version": "1.0.0", "module_version": "1.0.0", "host_uuid": "76038db3-a0d1-532d-8bfb-a6a001d4aeb1", "source_module": "file_integrity", "event_type": "FIM_ALERT", "event_category": "alert", "severity": "HIGH", "risk_score": 80, "risk_factors": ["CRITICAL_PATH_MODIFICATION", "FILE_INTEGRITY_DRIFT"], "confidence_score": 1.0, "kill_chain_stage": "unknown", "mitre_attack": {}, "collector_latency_ms": 0.0, "device_fingerprint": {"hostname": "SOC-ANALYST-W11", "os_version": "10.0.22631 Build 22631", "service_name": "deepcytes_soc_agent", "host_uuid": "76038db3-a0d1-532d-8bfb-a6a001d4aeb1", "criticality": "HIGH", "business_unit": "Security Operations", "department": "Cyber Defense Center", "operating_system": "Windows 11 Enterprise", "device_type": "Workstation"}, "user_context": {"username": "rishik_admin", "role": "SOC Analyst", "privilege": "Administrator"}, "process_context": {}, "payload": {"file_path": "C:\\Windows\\System32\\winevt\\Logs\\Microsoft-Windows-Ntfs%4Operational.evtx", "before_hash": null, "after_hash": "97aa63e12fa8268353ae255a7ea306dc13be68dc3a0f5b5bbdc9cfac5abdaf6e"}, "raw_log_backup": "{\"file_path\": \"C:\\\\Windows\\\\System32\\\\winevt\\\\Logs\\\\Microsoft-Windows-Ntfs%4Operational.evtx\", \"before_hash\": null, \"after_hash\": \"97aa63e12fa8268353ae255a7ea306dc13be68dc3a0f5b5bbdc9cfac5abdaf6e\"}", "alerts": ["FIM_ALERT", "HIGH_RISK_SCORE"], "correlations": [], "enrichments": {}, "ancestor_hierarchy": null}}
{"Device Fingerprint": {"Manufacturer": "HP", "Model": "HP EliteBook 840 G7 Notebook PC", "MAC Address": "94:E2:3C:1D:CD:2F", "IP Address": "169.254.51.129", "OS": "Windows 10 10.0.26200", "username": "Abcom", "Agent-Name": "DeepCytes-SOC-Agent-v2"}, "Timestamp": "2026-06-27T07:59:17.375608+00:00", "Event ID": "FIM0035", "Event Type": "FIM_ALERT", "Severity / Criticality": "HIGH", "Payload / Message": {"event_id": "aeb065d2-9165-4db6-9fb9-6d935678dc43", "timestamp": "2026-06-27T07:59:17.375608+00:00", "ingestion_timestamp": "2026-06-27T07:59:17.375608+00:00", "agent_id": "deepcytes-soc-001", "agent_version": "1.0.0", "module_version": "1.0.0", "host_uuid": "76038db3-a0d1-532d-8bfb-a6a001d4aeb1", "source_module": "file_integrity", "event_type": "FIM_ALERT", "event_category": "alert", "severity": "HIGH", "risk_score": 80, "risk_factors": ["CRITICAL_PATH_MODIFICATION", "FILE_INTEGRITY_DRIFT"], "confidence_score": 1.0, "kill_chain_stage": "unknown", "mitre_attack": {}, "collector_latency_ms": 0.0, "device_fingerprint": {"hostname": "SOC-ANALYST-W11", "os_version": "10.0.22631 Build 22631", "service_name": "deepcytes_soc_agent", "host_uuid": "76038db3-a0d1-532d-8bfb-a6a001d4aeb1", "criticality": "HIGH", "business_unit": "Security Operations", "department": "Cyber Defense Center", "operating_system": "Windows 11 Enterprise", "device_type": "Workstation"}, "user_context": {"username": "rishik_admin", "role": "SOC Analyst", "privilege": "Administrator"}, "process_context": {}, "payload": {"file_path": "C:\\Windows\\System32\\winevt\\Logs\\Microsoft-Windows-Audio%4PlaybackManager.evtx", "before_hash": null, "after_hash": "54121c8e5e88d48f0c141b72f8c660dbe3de8d1a4526c830689cabeffdcc7446"}, "raw_log_backup": "{\"file_path\": \"C:\\\\Windows\\\\System32\\\\winevt\\\\Logs\\\\Microsoft-Windows-Audio%4PlaybackManager.evtx\", \"before_hash\": null, \"after_hash\": \"54121c8e5e88d48f0c141b72f8c660dbe3de8d1a4526c830689cabeffdcc7446\"}", "alerts": ["FIM_ALERT", "HIGH_RISK_SCORE"], "correlations": [], "enrichments": {}, "ancestor_hierarchy": null}}
{"Device Fingerprint": {"Manufacturer": "HP", "Model": "HP EliteBook 840 G7 Notebook PC", "MAC Address": "94:E2:3C:1D:CD:2F", "IP Address": "169.254.51.129", "OS": "Windows 10 10.0.26200", "username": "Abcom", "Agent-Name": "DeepCytes-SOC-Agent-v2"}, "Timestamp": "2026-06-27T07:59:17.376609+00:00", "Event ID": "FIM0036", "Event Type": "FIM_ALERT", "Severity / Criticality": "MEDIUM", "Payload / Message": {"event_id": "e0176138-37de-417d-89ef-2bcb34a734ee", "timestamp": "2026-06-27T07:59:17.376609+00:00", "ingestion_timestamp": "2026-06-27T07:59:17.375608+00:00", "agent_id": "deepcytes-soc-001", "agent_version": "1.0.0", "module_version": "1.0.0", "host_uuid": "76038db3-a0d1-532d-8bfb-a6a001d4aeb1", "source_module": "file_integrity", "event_type": "FIM_ALERT", "event_category": "alert", "severity": "MEDIUM", "risk_score": 50, "risk_factors": ["FILE_INTEGRITY_DRIFT"], "confidence_score": 1.0, "kill_chain_stage": "unknown", "mitre_attack": {}, "collector_latency_ms": 0.0, "device_fingerprint": {"hostname": "SOC-ANALYST-W11", "os_version": "10.0.22631 Build 22631", "service_name": "deepcytes_soc_agent", "host_uuid": "76038db3-a0d1-532d-8bfb-a6a001d4aeb1", "criticality": "HIGH", "business_unit": "Security Operations", "department": "Cyber Defense Center", "operating_system": "Windows 11 Enterprise", "device_type": "Workstation"}, "user_context": {"username": "rishik_admin", "role": "SOC Analyst", "privilege": "Administrator"}, "process_context": {}, "payload": {"file_path": "C:\\Program Files\\MongoDB\\Server\\8.2\\data\\diagnostic.data\\metrics.interim.temp", "before_hash": null, "after_hash": null}, "raw_log_backup": "{\"file_path\": \"C:\\\\Program Files\\\\MongoDB\\\\Server\\\\8.2\\\\data\\\\diagnostic.data\\\\metrics.interim.temp\", \"before_hash\": null, \"after_hash\": null}", "alerts": ["FIM_ALERT"], "correlations": [], "enrichments": {}, "ancestor_hierarchy": null}}
{"Device Fingerprint": {"Manufacturer": "HP", "Model": "HP EliteBook 840 G7 Notebook PC", "MAC Address": "94:E2:3C:1D:CD:2F", "IP Address": "169.254.51.129", "OS": "Windows 10 10.0.26200", "username": "Abcom", "Agent-Name": "DeepCytes-SOC-Agent-v2"}, "Timestamp": "2026-06-27T07:59:17.376609+00:00", "Event ID": "FIM0037", "Event Type": "FIM_ALERT", "Severity / Criticality": "MEDIUM", "Payload / Message": {"event_id": "ef0f1f7a-b1dd-4da8-89c4-c897b09d58de", "timestamp": "2026-06-27T07:59:17.376609+00:00", "ingestion_timestamp": "2026-06-27T07:59:17.376609+00:00", "agent_id": "deepcytes-soc-001", "agent_version": "1.0.0", "module_version": "1.0.0", "host_uuid": "76038db3-a0d1-532d-8bfb-a6a001d4aeb1", "source_module": "file_integrity", "event_type": "FIM_ALERT", "event_category": "alert", "severity": "MEDIUM", "risk_score": 50, "risk_factors": ["FILE_INTEGRITY_DRIFT"], "confidence_score": 1.0, "kill_chain_stage": "unknown", "mitre_attack": {}, "collector_latency_ms": 0.0, "device_fingerprint": {"hostname": "SOC-ANALYST-W11", "os_version": "10.0.22631 Build 22631", "service_name": "deepcytes_soc_agent", "host_uuid": "76038db3-a0d1-532d-8bfb-a6a001d4aeb1", "criticality": "HIGH", "business_unit": "Security Operations", "department": "Cyber Defense Center", "operating_system": "Windows 11 Enterprise", "device_type": "Workstation"}, "user_context": {"username": "rishik_admin", "role": "SOC Analyst", "privilege": "Administrator"}, "process_context": {}, "payload": {"file_path": "C:\\Program Files\\MongoDB\\Server\\8.2\\data\\diagnostic.data\\metrics.interim.temp", "before_hash": null, "after_hash": null}, "raw_log_backup": "{\"file_path\": \"C:\\\\Program Files\\\\MongoDB\\\\Server\\\\8.2\\\\data\\\\diagnostic.data\\\\metrics.interim.temp\", \"before_hash\": null, \"after_hash\": null}", "alerts": ["FIM_ALERT"], "correlations": [], "enrichments": {}, "ancestor_hierarchy": null}}
{"Device Fingerprint": {"Manufacturer": "HP", "Model": "HP EliteBook 840 G7 Notebook PC", "MAC Address": "94:E2:3C:1D:CD:2F", "IP Address": "169.254.51.129", "OS": "Windows 10 10.0.26200", "username": "Abcom", "Agent-Name": "DeepCytes-SOC-Agent-v2"}, "Timestamp": "2026-06-27T07:59:17.377607+00:00", "Event ID": "FIM0038", "Event Type": "FIM_ALERT", "Severity / Criticality": "MEDIUM", "Payload / Message": {"event_id": "e9dbf075-5fe7-4ad9-8749-9b76a2cab679", "timestamp": "2026-06-27T07:59:17.377607+00:00", "ingestion_timestamp": "2026-06-27T07:59:17.377607+00:00", "agent_id": "deepcytes-soc-001", "agent_version": "1.0.0", "module_version": "1.0.0", "host_uuid": "76038db3-a0d1-532d-8bfb-a6a001d4aeb1", "source_module": "file_integrity", "event_type": "FIM_ALERT", "event_category": "alert", "severity": "MEDIUM", "risk_score": 50, "risk_factors": ["FILE_INTEGRITY_DRIFT"], "confidence_score": 1.0, "kill_chain_stage": "unknown", "mitre_attack": {}, "collector_latency_ms": 0.0, "device_fingerprint": {"hostname": "SOC-ANALYST-W11", "os_version": "10.0.22631 Build 22631", "service_name": "deepcytes_soc_agent", "host_uuid": "76038db3-a0d1-532d-8bfb-a6a001d4aeb1", "criticality": "HIGH", "business_unit": "Security Operations", "department": "Cyber Defense Center", "operating_system": "Windows 11 Enterprise", "device_type": "Workstation"}, "user_context": {"username": "rishik_admin", "role": "SOC Analyst", "privilege": "Administrator"}, "process_context": {}, "payload": {"file_path": "C:\\Program Files\\MongoDB\\Server\\8.2\\data\\diagnostic.data\\metrics.interim", "before_hash": "b747dc3ad59fed96ebe95f21ff45772e0205399eeacb6d3402600cce5780d49b", "after_hash": null}, "raw_log_backup": "{\"file_path\": \"C:\\\\Program Files\\\\MongoDB\\\\Server\\\\8.2\\\\data\\\\diagnostic.data\\\\metrics.interim\", \"before_hash\": \"b747dc3ad59fed96ebe95f21ff45772e0205399eeacb6d3402600cce5780d49b\", \"after_hash\": null}", "alerts": ["FIM_ALERT"], "correlations": [], "enrichments": {}, "ancestor_hierarchy": null}}
{"Device Fingerprint": {"Manufacturer": "HP", "Model": "HP EliteBook 840 G7 Notebook PC", "MAC Address": "94:E2:3C:1D:CD:2F", "IP Address": "169.254.51.129", "OS": "Windows 10 10.0.26200", "username": "Abcom", "Agent-Name": "DeepCytes-SOC-Agent-v2"}, "Timestamp": "2026-06-27T07:59:17.377607+00:00", "Event ID": "FIM0039", "Event Type": "FIM_ALERT", "Severity / Criticality": "MEDIUM", "Payload / Message": {"event_id": "78808f7c-c43e-4d45-9f76-1c55a7233d2c", "timestamp": "2026-06-27T07:59:17.377607+00:00", "ingestion_timestamp": "2026-06-27T07:59:17.377607+00:00", "agent_id": "deepcytes-soc-001", "agent_version": "1.0.0", "module_version": "1.0.0", "host_uuid": "76038db3-a0d1-532d-8bfb-a6a001d4aeb1", "source_module": "file_integrity", "event_type": "FIM_ALERT", "event_category": "alert", "severity": "MEDIUM", "risk_score": 50, "risk_factors": ["FILE_INTEGRITY_DRIFT"], "confidence_score": 1.0, "kill_chain_stage": "unknown", "mitre_attack": {}, "collector_latency_ms": 0.0, "device_fingerprint": {"hostname": "SOC-ANALYST-W11", "os_version": "10.0.22631 Build 22631", "service_name": "deepcytes_soc_agent", "host_uuid": "76038db3-a0d1-532d-8bfb-a6a001d4aeb1", "criticality": "HIGH", "business_unit": "Security Operations", "department": "Cyber Defense Center", "operating_system": "Windows 11 Enterprise", "device_type": "Workstation"}, "user_context": {"username": "rishik_admin", "role": "SOC Analyst", "privilege": "Administrator"}, "process_context": {}, "payload": {"file_path": "C:\\Program Files\\MongoDB\\Server\\8.2\\data\\diagnostic.data\\metrics.interim.temp", "before_hash": null, "after_hash": null}, "raw_log_backup": "{\"file_path\": \"C:\\\\Program Files\\\\MongoDB\\\\Server\\\\8.2\\\\data\\\\diagnostic.data\\\\metrics.interim.temp\", \"before_hash\": null, \"after_hash\": null}", "alerts": ["FIM_ALERT"], "correlations": [], "enrichments": {}, "ancestor_hierarchy": null}}
{"Device Fingerprint": {"Manufacturer": "HP", "Model": "HP EliteBook 840 G7 Notebook PC", "MAC Address": "94:E2:3C:1D:CD:2F", "IP Address": "169.254.51.129", "OS": "Windows 10 10.0.26200", "username": "Abcom", "Agent-Name": "DeepCytes-SOC-Agent-v2"}, "Timestamp": "2026-06-27T07:59:17.378625+00:00", "Event ID": "FIM0040", "Event Type": "FIM_ALERT", "Severity / Criticality": "MEDIUM", "Payload / Message": {"event_id": "32c16b06-d197-4cf7-a99b-8d6b205d90da", "timestamp": "2026-06-27T07:59:17.378625+00:00", "ingestion_timestamp": "2026-06-27T07:59:17.378625+00:00", "agent_id": "deepcytes-soc-001", "agent_version": "1.0.0", "module_version": "1.0.0", "host_uuid": "76038db3-a0d1-532d-8bfb-a6a001d4aeb1", "source_module": "file_integrity", "event_type": "FIM_ALERT", "event_category": "alert", "severity": "MEDIUM", "risk_score": 50, "risk_factors": ["FILE_INTEGRITY_DRIFT"], "confidence_score": 1.0, "kill_chain_stage": "unknown", "mitre_attack": {}, "collector_latency_ms": 0.0, "device_fingerprint": {"hostname": "SOC-ANALYST-W11", "os_version": "10.0.22631 Build 22631", "service_name": "deepcytes_soc_agent", "host_uuid": "76038db3-a0d1-532d-8bfb-a6a001d4aeb1", "criticality": "HIGH", "business_unit": "Security Operations", "department": "Cyber Defense Center", "operating_system": "Windows 11 Enterprise", "device_type": "Workstation"}, "user_context": {"username": "rishik_admin", "role": "SOC Analyst", "privilege": "Administrator"}, "process_context": {}, "payload": {"file_path": "C:\\Program Files\\MongoDB\\Server\\8.2\\data\\diagnostic.data\\metrics.interim", "before_hash": null, "after_hash": "b747dc3ad59fed96ebe95f21ff45772e0205399eeacb6d3402600cce5780d49b"}, "raw_log_backup": "{\"file_path\": \"C:\\\\Program Files\\\\MongoDB\\\\Server\\\\8.2\\\\data\\\\diagnostic.data\\\\metrics.interim\", \"before_hash\": null, \"after_hash\": \"b747dc3ad59fed96ebe95f21ff45772e0205399eeacb6d3402600cce5780d49b\"}", "alerts": ["FIM_ALERT"], "correlations": [], "enrichments": {}, "ancestor_hierarchy": null}}
{"Device Fingerprint": {"Manufacturer": "HP", "Model": "HP EliteBook 840 G7 Notebook PC", "MAC Address": "94:E2:3C:1D:CD:2F", "IP Address": "169.254.51.129", "OS": "Windows 10 10.0.26200", "username": "Abcom", "Agent-Name": "DeepCytes-SOC-Agent-v2"}, "Timestamp": "2026-06-27T07:59:18.632830+00:00", "Event ID": "DNS0013", "Event Type": "DNS_QUERY", "Severity / Criticality": "INFO", "Payload / Message": {"event_id": "f25fdd95-063a-4b92-b008-0c302452604b", "timestamp": "2026-06-27T07:59:18.632830+00:00", "ingestion_timestamp": "2026-06-27T07:59:18.632830+00:00", "agent_id": "deepcytes-soc-001", "agent_version": "1.0.0", "module_version": "1.0.0", "host_uuid": "76038db3-a0d1-532d-8bfb-a6a001d4aeb1", "source_module": "dns", "event_type": "DNS_QUERY", "event_category": "telemetry", "severity": "INFO", "risk_score": 9, "risk_factors": ["dns_lookup"], "confidence_score": 1.0, "kill_chain_stage": "unknown", "mitre_attack": {}, "collector_latency_ms": 0.0, "device_fingerprint": {"hostname": "SOC-ANALYST-W11", "os_version": "10.0.22631 Build 22631", "service_name": "deepcytes_soc_agent", "host_uuid": "76038db3-a0d1-532d-8bfb-a6a001d4aeb1", "criticality": "HIGH", "business_unit": "Security Operations", "department": "Cyber Defense Center", "operating_system": "Windows 11 Enterprise", "device_type": "Workstation"}, "user_context": {"username": "rishik_admin", "role": "SOC Analyst", "privilege": "Administrator"}, "process_context": {"pid": 0, "process_name": "unknown", "parent_pid": 0, "parent_process": "unknown", "command_line": "unknown", "exe_path": "unknown", "process_hash": "unknown", "process_sha256": "unknown", "signer": "unknown", "username": "unknown", "privilege": "user"}, "payload": {"query_name": "ipv6.msftconnecttest.com", "query_type": "A", "client_ip": "10.45.33.202", "response_code": "NOERROR", "response_ips": [], "response_cname": [], "ttl": 0, "recursive": true, "authoritative": false, "network_details": {"source_port": 59109, "destination_port": 53, "transport": "UDP"}, "parsed": {"query": "ipv6.msftconnecttest.com", "query_type": "A", "registered_domain": "msftconnecttest.com", "subdomain": "ipv6", "subdomain_length": 4, "query_length": 24, "domain_entropy": 2.8402, "response_ips": [], "ttl": 0, "response_code": "NOERROR", "is_dga": false, "dga_confidence": 0.25, "is_typosquat": false, "typosquat_target": null, "client_ip": "10.45.33.202"}}, "raw_log_backup": "{\"client_ip\": \"10.45.33.202\", \"query\": \"ipv6.msftconnecttest.com\", \"query_type\": \"A\", \"response_code\": \"NOERROR\", \"response_ip\": [], \"response_cname\": [], \"ttl\": 0, \"recursive\": true, \"authoritative\": false, \"pid\": 0, \"process_name\": \"unknown\", \"network_details\": {\"source_port\": 59109, \"destination_port\": 53, \"transport\": \"UDP\"}}", "alerts": [], "correlations": [], "enrichments": {"dns_features": {"query": "ipv6.msftconnecttest.com", "query_type": "A", "registered_domain": "msftconnecttest.com", "subdomain": "ipv6", "subdomain_length": 4, "query_length": 24, "domain_entropy": 2.8402, "response_ips": [], "ttl": 0, "response_code": "NOERROR", "is_dga": false, "dga_confidence": 0.25, "is_typosquat": false, "typosquat_target": null, "client_ip": "10.45.33.202"}, "threat_intel": {"local_match": null, "virustotal": null, "matched_ips": []}}, "ancestor_hierarchy": null}}
{"Device Fingerprint": {"Manufacturer": "HP", "Model": "HP EliteBook 840 G7 Notebook PC", "MAC Address": "94:E2:3C:1D:CD:2F", "IP Address": "169.254.51.129", "OS": "Windows 10 10.0.26200", "username": "Abcom", "Agent-Name": "DeepCytes-SOC-Agent-v2"}, "Timestamp": "2026-06-27T07:59:18.684793+00:00", "Event ID": "DNS0014", "Event Type": "DNS_QUERY", "Severity / Criticality": "INFO", "Payload / Message": {"event_id": "474b25a2-1d98-436c-8d5c-11a023b00f2c", "timestamp": "2026-06-27T07:59:18.684793+00:00", "ingestion_timestamp": "2026-06-27T07:59:18.684793+00:00", "agent_id": "deepcytes-soc-001", "agent_version": "1.0.0", "module_version": "1.0.0", "host_uuid": "76038db3-a0d1-532d-8bfb-a6a001d4aeb1", "source_module": "dns", "event_type": "DNS_QUERY", "event_category": "telemetry", "severity": "INFO", "risk_score": 9, "risk_factors": ["dns_lookup"], "confidence_score": 1.0, "kill_chain_stage": "unknown", "mitre_attack": {}, "collector_latency_ms": 0.0, "device_fingerprint": {"hostname": "SOC-ANALYST-W11", "os_version": "10.0.22631 Build 22631", "service_name": "deepcytes_soc_agent", "host_uuid": "76038db3-a0d1-532d-8bfb-a6a001d4aeb1", "criticality": "HIGH", "business_unit": "Security Operations", "department": "Cyber Defense Center", "operating_system": "Windows 11 Enterprise", "device_type": "Workstation"}, "user_context": {"username": "rishik_admin", "role": "SOC Analyst", "privilege": "Administrator"}, "process_context": {"pid": 1888, "process_name": "svchost.exe", "parent_pid": 1044, "parent_process": "services.exe", "command_line": "C:\\WINDOWS\\system32\\svchost.exe -k NetworkService -p", "exe_path": "C:\\Windows\\System32\\svchost.exe", "process_hash": "b66e8cf8acf5a58e6bbb5f12fbc3e2ec", "process_sha256": "2178f1915f740cce64040107cd489e9e1ff828a7ea29cd706bc46ba0fbaa69c4", "signer": "Microsoft Windows Publisher", "username": "NT AUTHORITY\\NETWORK SERVICE", "privilege": "user"}, "payload": {"query_name": "ipv6.msftconnecttest.com", "query_type": "AAAA", "client_ip": "10.45.33.202", "response_code": "NOERROR", "response_ips": [], "response_cname": [], "ttl": 0, "recursive": true, "authoritative": false, "network_details": {"source_port": 49664, "destination_port": 53, "transport": "UDP"}, "parsed": {"query": "ipv6.msftconnecttest.com", "query_type": "AAAA", "registered_domain": "msftconnecttest.com", "subdomain": "ipv6", "subdomain_length": 4, "query_length": 24, "domain_entropy": 2.8402, "response_ips": [], "ttl": 0, "response_code": "NOERROR", "is_dga": false, "dga_confidence": 0.25, "is_typosquat": false, "typosquat_target": null, "client_ip": "10.45.33.202"}}, "raw_log_backup": "{\"client_ip\": \"10.45.33.202\", \"query\": \"ipv6.msftconnecttest.com\", \"query_type\": \"AAAA\", \"response_code\": \"NOERROR\", \"response_ip\": [], \"response_cname\": [], \"ttl\": 0, \"recursive\": true, \"authoritative\": false, \"pid\": 1888, \"process_name\": \"svchost.exe\", \"network_details\": {\"source_port\": 49664, \"destination_port\": 53, \"transport\": \"UDP\"}}", "alerts": [], "correlations": [], "enrichments": {"dns_features": {"query": "ipv6.msftconnecttest.com", "query_type": "AAAA", "registered_domain": "msftconnecttest.com", "subdomain": "ipv6", "subdomain_length": 4, "query_length": 24, "domain_entropy": 2.8402, "response_ips": [], "ttl": 0, "response_code": "NOERROR", "is_dga": false, "dga_confidence": 0.25, "is_typosquat": false, "typosquat_target": null, "client_ip": "10.45.33.202"}, "threat_intel": {"local_match": null, "virustotal": null, "matched_ips": []}}, "ancestor_hierarchy": null}}
